# JRE version: Java(TM) SE Runtime Environment (8.0_45-b14) (build 1.8.0_45-b14)
# Java VM: Java HotSpot(TM) 64-Bit Server VM (25.45-b02 mixed mode linux-amd64 compressed oops)
Heap:
 PSYoungGen      total 22528K, used 764K [0x00000000eb800000, 0x00000000ed180000, 0x0000000100000000)
  eden space 19968K, 3% used [0x00000000eb800000,0x00000000eb8bf368,0x00000000ecb80000)
  from space 2560K, 0% used [0x00000000ecf00000,0x00000000ecf00000,0x00000000ed180000)
  to   space 3072K, 0% used [0x00000000ecb80000,0x00000000ecb80000,0x00000000ece80000)
 ParOldGen       total 35840K, used 9143K [0x00000000c2800000, 0x00000000c4b00000, 0x00000000eb800000)
  object space 35840K, 25% used [0x00000000c2800000,0x00000000c30edf48,0x00000000c4b00000)
 Metaspace       used 39704K, capacity 40044K, committed 40448K, reserved 1085440K
  class space    used 3685K, capacity 3814K, committed 3840K, reserved 1048576K
GC Heap History (10 events):
Event: 285,285 GC heap before
{Heap before GC invocations=45 (full 21):
 PSYoungGen      total 23040K, used 160K [0x00000000eb800000, 0x00000000ed280000, 0x0000000100000000)
  eden space 19968K, 0% used [0x00000000eb800000,0x00000000eb800000,0x00000000ecb80000)
  from space 3072K, 5% used [0x00000000ecf80000,0x00000000ecfa8000,0x00000000ed280000)
  to   space 3584K, 0% used [0x00000000ecb80000,0x00000000ecb80000,0x00000000ecf00000)
 ParOldGen       total 36864K, used 9164K [0x00000000c2800000, 0x00000000c4c00000, 0x00000000eb800000)
  object space 36864K, 24% used [0x00000000c2800000,0x00000000c30f33c0,0x00000000c4c00000)
 Metaspace       used 39700K, capacity 40044K, committed 40448K, reserved 1085440K
  class space    used 3685K, capacity 3814K, committed 3840K, reserved 1048576K
Event: 285,350 GC heap after
Heap after GC invocations=45 (full 21):
 PSYoungGen      total 23040K, used 0K [0x00000000eb800000, 0x00000000ed280000, 0x0000000100000000)
  eden space 19968K, 0% used [0x00000000eb800000,0x00000000eb800000,0x00000000ecb80000)
  from space 3072K, 0% used [0x00000000ecf80000,0x00000000ecf80000,0x00000000ed280000)
  to   space 3584K, 0% used [0x00000000ecb80000,0x00000000ecb80000,0x00000000ecf00000)
 ParOldGen       total 36864K, used 9156K [0x00000000c2800000, 0x00000000c4c00000, 0x00000000eb800000)
  object space 36864K, 24% used [0x00000000c2800000,0x00000000c30f1068,0x00000000c4c00000)
 Metaspace       used 39700K, capacity 40044K, committed 40448K, reserved 1085440K
  class space    used 3685K, capacity 3814K, committed 3840K, reserved 1048576K
}
Event: 300,376 GC heap before
{Heap before GC invocations=46 (full 21):
 PSYoungGen      total 23040K, used 2037K [0x00000000eb800000, 0x00000000ed280000, 0x0000000100000000)
  eden space 19968K, 10% used [0x00000000eb800000,0x00000000eb9fd6f0,0x00000000ecb80000)
  from space 3072K, 0% used [0x00000000ecf80000,0x00000000ecf80000,0x00000000ed280000)
  to   space 3584K, 0% used [0x00000000ecb80000,0x00000000ecb80000,0x00000000ecf00000)
 ParOldGen       total 36864K, used 9156K [0x00000000c2800000, 0x00000000c4c00000, 0x00000000eb800000)
  object space 36864K, 24% used [0x00000000c2800000,0x00000000c30f1068,0x00000000c4c00000)
 Metaspace       used 39700K, capacity 40044K, committed 40448K, reserved 1085440K
  class space    used 3685K, capacity 3814K, committed 3840K, reserved 1048576K
Event: 300,377 GC heap after
Heap after GC invocations=46 (full 21):
 PSYoungGen      total 23552K, used 192K [0x00000000eb800000, 0x00000000ed280000, 0x0000000100000000)
  eden space 19968K, 0% used [0x00000000eb800000,0x00000000eb800000,0x00000000ecb80000)
  from space 3584K, 5% used [0x00000000ecb80000,0x00000000ecbb0000,0x00000000ecf00000)
  to   space 3584K, 0% used [0x00000000ecf00000,0x00000000ecf00000,0x00000000ed280000)
 ParOldGen       total 36864K, used 9156K [0x00000000c2800000, 0x00000000c4c00000, 0x00000000eb800000)
  object space 36864K, 24% used [0x00000000c2800000,0x00000000c30f1068,0x00000000c4c00000)
 Metaspace       used 39700K, capacity 40044K, committed 40448K, reserved 1085440K
  class space    used 3685K, capacity 3814K, committed 3840K, reserved 1048576K
}
Event: 300,377 GC heap before
{Heap before GC invocations=47 (full 22):
 PSYoungGen      total 23552K, used 192K [0x00000000eb800000, 0x00000000ed280000, 0x0000000100000000)
  eden space 19968K, 0% used [0x00000000eb800000,0x00000000eb800000,0x00000000ecb80000)
  from space 3584K, 5% used [0x00000000ecb80000,0x00000000ecbb0000,0x00000000ecf00000)
  to   space 3584K, 0% used [0x00000000ecf00000,0x00000000ecf00000,0x00000000ed280000)
 ParOldGen       total 36864K, used 9156K [0x00000000c2800000, 0x00000000c4c00000, 0x00000000eb800000)
  object space 36864K, 24% used [0x00000000c2800000,0x00000000c30f1068,0x00000000c4c00000)
 Metaspace       used 39700K, capacity 40044K, committed 40448K, reserved 1085440K
  class space    used 3685K, capacity 3814K, committed 3840K, reserved 1048576K
Event: 300,441 GC heap after
Heap after GC invocations=47 (full 22):
 PSYoungGen      total 23552K, used 0K [0x00000000eb800000, 0x00000000ed280000, 0x0000000100000000)
  eden space 19968K, 0% used [0x00000000eb800000,0x00000000eb800000,0x00000000ecb80000)
  from space 3584K, 0% used [0x00000000ecb80000,0x00000000ecb80000,0x00000000ecf00000)
  to   space 3584K, 0% used [0x00000000ecf00000,0x00000000ecf00000,0x00000000ed280000)
 ParOldGen       total 36864K, used 9157K [0x00000000c2800000, 0x00000000c4c00000, 0x00000000eb800000)
  object space 36864K, 24% used [0x00000000c2800000,0x00000000c30f17d0,0x00000000c4c00000)
 Metaspace       used 39700K, capacity 40044K, committed 40448K, reserved 1085440K
  class space    used 3685K, capacity 3814K, committed 3840K, reserved 1048576K
}
Event: 313,787 GC heap before
{Heap before GC invocations=48 (full 22):
 PSYoungGen      total 23552K, used 2051K [0x00000000eb800000, 0x00000000ed280000, 0x0000000100000000)
  eden space 19968K, 10% used [0x00000000eb800000,0x00000000eba00f78,0x00000000ecb80000)
  from space 3584K, 0% used [0x00000000ecb80000,0x00000000ecb80000,0x00000000ecf00000)
  to   space 3584K, 0% used [0x00000000ecf00000,0x00000000ecf00000,0x00000000ed280000)
 ParOldGen       total 36864K, used 9157K [0x00000000c2800000, 0x00000000c4c00000, 0x00000000eb800000)
  object space 36864K, 24% used [0x00000000c2800000,0x00000000c30f17d0,0x00000000c4c00000)
 Metaspace       used 39702K, capacity 40044K, committed 40448K, reserved 1085440K
  class space    used 3685K, capacity 3814K, committed 3840K, reserved 1048576K
Event: 313,789 GC heap after
Heap after GC invocations=48 (full 22):
 PSYoungGen      total 22528K, used 192K [0x00000000eb800000, 0x00000000ed180000, 0x0000000100000000)
  eden space 19968K, 0% used [0x00000000eb800000,0x00000000eb800000,0x00000000ecb80000)
  from space 2560K, 7% used [0x00000000ecf00000,0x00000000ecf30000,0x00000000ed180000)
  to   space 3072K, 0% used [0x00000000ecb80000,0x00000000ecb80000,0x00000000ece80000)
 ParOldGen       total 36864K, used 9165K [0x00000000c2800000, 0x00000000c4c00000, 0x00000000eb800000)
  object space 36864K, 24% used [0x00000000c2800000,0x00000000c30f37d0,0x00000000c4c00000)
 Metaspace       used 39702K, capacity 40044K, committed 40448K, reserved 1085440K
  class space    used 3685K, capacity 3814K, committed 3840K, reserved 1048576K
}
Event: 313,789 GC heap before
{Heap before GC invocations=49 (full 23):
 PSYoungGen      total 22528K, used 192K [0x00000000eb800000, 0x00000000ed180000, 0x0000000100000000)
  eden space 19968K, 0% used [0x00000000eb800000,0x00000000eb800000,0x00000000ecb80000)
  from space 2560K, 7% used [0x00000000ecf00000,0x00000000ecf30000,0x00000000ed180000)
  to   space 3072K, 0% used [0x00000000ecb80000,0x00000000ecb80000,0x00000000ece80000)
 ParOldGen       total 36864K, used 9165K [0x00000000c2800000, 0x00000000c4c00000, 0x00000000eb800000)
  object space 36864K, 24% used [0x00000000c2800000,0x00000000c30f37d0,0x00000000c4c00000)
 Metaspace       used 39702K, capacity 40044K, committed 40448K, reserved 1085440K
  class space    used 3685K, capacity 3814K, committed 3840K, reserved 1048576K
Event: 313,835 GC heap after
Heap after GC invocations=49 (full 23):
 PSYoungGen      total 22528K, used 0K [0x00000000eb800000, 0x00000000ed180000, 0x0000000100000000)
  eden space 19968K, 0% used [0x00000000eb800000,0x00000000eb800000,0x00000000ecb80000)
  from space 2560K, 0% used [0x00000000ecf00000,0x00000000ecf00000,0x00000000ed180000)
  to   space 3072K, 0% used [0x00000000ecb80000,0x00000000ecb80000,0x00000000ece80000)
 ParOldGen       total 35840K, used 9143K [0x00000000c2800000, 0x00000000c4b00000, 0x00000000eb800000)
  object space 35840K, 25% used [0x00000000c2800000,0x00000000c30edf48,0x00000000c4b00000)
 Metaspace       used 39702K, capacity 40044K, committed 40448K, reserved 1085440K
  class space    used 3685K, capacity 3814K, committed 3840K, reserved 1048576K
}

