# JRE version: Java(TM) SE Runtime Environment (8.0_45-b14) (build 1.8.0_45-b14)
# Java VM: Java HotSpot(TM) 64-Bit Server VM (25.45-b02 mixed mode linux-amd64 compressed oops)
Heap:
 PSYoungGen      total 26112K, used 697K [0x00000000eb800000, 0x00000000ed600000, 0x0000000100000000)
  eden space 21504K, 3% used [0x00000000eb800000,0x00000000eb8ae648,0x00000000ecd00000)
  from space 4608K, 0% used [0x00000000ed180000,0x00000000ed180000,0x00000000ed600000)
  to   space 4608K, 0% used [0x00000000ecd00000,0x00000000ecd00000,0x00000000ed180000)
 ParOldGen       total 33792K, used 8661K [0x00000000c2800000, 0x00000000c4900000, 0x00000000eb800000)
  object space 33792K, 25% used [0x00000000c2800000,0x00000000c3075680,0x00000000c4900000)
 Metaspace       used 39221K, capacity 39556K, committed 39848K, reserved 1085440K
  class space    used 3532K, capacity 3632K, committed 3752K, reserved 1048576K
GC Heap History (10 events):
Event: 198,031 GC heap before
{Heap before GC invocations=25 (full 11):
 PSYoungGen      total 26112K, used 192K [0x00000000eb800000, 0x00000000ed600000, 0x0000000100000000)
  eden space 21504K, 0% used [0x00000000eb800000,0x00000000eb800000,0x00000000ecd00000)
  from space 4608K, 4% used [0x00000000ed180000,0x00000000ed1b0000,0x00000000ed600000)
  to   space 4608K, 0% used [0x00000000ecd00000,0x00000000ecd00000,0x00000000ed180000)
 ParOldGen       total 31744K, used 8726K [0x00000000c2800000, 0x00000000c4700000, 0x00000000eb800000)
  object space 31744K, 27% used [0x00000000c2800000,0x00000000c30859a0,0x00000000c4700000)
 Metaspace       used 39217K, capacity 39556K, committed 39848K, reserved 1085440K
  class space    used 3532K, capacity 3632K, committed 3752K, reserved 1048576K
Event: 198,114 GC heap after
Heap after GC invocations=25 (full 11):
 PSYoungGen      total 26112K, used 0K [0x00000000eb800000, 0x00000000ed600000, 0x0000000100000000)
  eden space 21504K, 0% used [0x00000000eb800000,0x00000000eb800000,0x00000000ecd00000)
  from space 4608K, 0% used [0x00000000ed180000,0x00000000ed180000,0x00000000ed600000)
  to   space 4608K, 0% used [0x00000000ecd00000,0x00000000ecd00000,0x00000000ed180000)
 ParOldGen       total 31744K, used 8770K [0x00000000c2800000, 0x00000000c4700000, 0x00000000eb800000)
  object space 31744K, 27% used [0x00000000c2800000,0x00000000c30909a8,0x00000000c4700000)
 Metaspace       used 39217K, capacity 39556K, committed 39848K, reserved 1085440K
  class space    used 3532K, capacity 3632K, committed 3752K, reserved 1048576K
}
Event: 212,616 GC heap before
{Heap before GC invocations=26 (full 11):
 PSYoungGen      total 26112K, used 1981K [0x00000000eb800000, 0x00000000ed600000, 0x0000000100000000)
  eden space 21504K, 9% used [0x00000000eb800000,0x00000000eb9ef500,0x00000000ecd00000)
  from space 4608K, 0% used [0x00000000ed180000,0x00000000ed180000,0x00000000ed600000)
  to   space 4608K, 0% used [0x00000000ecd00000,0x00000000ecd00000,0x00000000ed180000)
 ParOldGen       total 31744K, used 8770K [0x00000000c2800000, 0x00000000c4700000, 0x00000000eb800000)
  object space 31744K, 27% used [0x00000000c2800000,0x00000000c30909a8,0x00000000c4700000)
 Metaspace       used 39217K, capacity 39556K, committed 39848K, reserved 1085440K
  class space    used 3532K, capacity 3632K, committed 3752K, reserved 1048576K
Event: 212,618 GC heap after
Heap after GC invocations=26 (full 11):
 PSYoungGen      total 26112K, used 160K [0x00000000eb800000, 0x00000000ed600000, 0x0000000100000000)
  eden space 21504K, 0% used [0x00000000eb800000,0x00000000eb800000,0x00000000ecd00000)
  from space 4608K, 3% used [0x00000000ecd00000,0x00000000ecd28000,0x00000000ed180000)
  to   space 4608K, 0% used [0x00000000ed180000,0x00000000ed180000,0x00000000ed600000)
 ParOldGen       total 31744K, used 8770K [0x00000000c2800000, 0x00000000c4700000, 0x00000000eb800000)
  object space 31744K, 27% used [0x00000000c2800000,0x00000000c30909a8,0x00000000c4700000)
 Metaspace       used 39217K, capacity 39556K, committed 39848K, reserved 1085440K
  class space    used 3532K, capacity 3632K, committed 3752K, reserved 1048576K
}
Event: 212,618 GC heap before
{Heap before GC invocations=27 (full 12):
 PSYoungGen      total 26112K, used 160K [0x00000000eb800000, 0x00000000ed600000, 0x0000000100000000)
  eden space 21504K, 0% used [0x00000000eb800000,0x00000000eb800000,0x00000000ecd00000)
  from space 4608K, 3% used [0x00000000ecd00000,0x00000000ecd28000,0x00000000ed180000)
  to   space 4608K, 0% used [0x00000000ed180000,0x00000000ed180000,0x00000000ed600000)
 ParOldGen       total 31744K, used 8770K [0x00000000c2800000, 0x00000000c4700000, 0x00000000eb800000)
  object space 31744K, 27% used [0x00000000c2800000,0x00000000c30909a8,0x00000000c4700000)
 Metaspace       used 39217K, capacity 39556K, committed 39848K, reserved 1085440K
  class space    used 3532K, capacity 3632K, committed 3752K, reserved 1048576K
Event: 212,656 GC heap after
Heap after GC invocations=27 (full 12):
 PSYoungGen      total 26112K, used 0K [0x00000000eb800000, 0x00000000ed600000, 0x0000000100000000)
  eden space 21504K, 0% used [0x00000000eb800000,0x00000000eb800000,0x00000000ecd00000)
  from space 4608K, 0% used [0x00000000ecd00000,0x00000000ecd00000,0x00000000ed180000)
  to   space 4608K, 0% used [0x00000000ed180000,0x00000000ed180000,0x00000000ed600000)
 ParOldGen       total 31744K, used 8742K [0x00000000c2800000, 0x00000000c4700000, 0x00000000eb800000)
  object space 31744K, 27% used [0x00000000c2800000,0x00000000c3089b30,0x00000000c4700000)
 Metaspace       used 39217K, capacity 39556K, committed 39848K, reserved 1085440K
  class space    used 3532K, capacity 3632K, committed 3752K, reserved 1048576K
}
Event: 220,169 GC heap before
{Heap before GC invocations=28 (full 12):
 PSYoungGen      total 26112K, used 1565K [0x00000000eb800000, 0x00000000ed600000, 0x0000000100000000)
  eden space 21504K, 7% used [0x00000000eb800000,0x00000000eb9876b8,0x00000000ecd00000)
  from space 4608K, 0% used [0x00000000ecd00000,0x00000000ecd00000,0x00000000ed180000)
  to   space 4608K, 0% used [0x00000000ed180000,0x00000000ed180000,0x00000000ed600000)
 ParOldGen       total 31744K, used 8742K [0x00000000c2800000, 0x00000000c4700000, 0x00000000eb800000)
  object space 31744K, 27% used [0x00000000c2800000,0x00000000c3089b30,0x00000000c4700000)
 Metaspace       used 39219K, capacity 39556K, committed 39848K, reserved 1085440K
  class space    used 3532K, capacity 3632K, committed 3752K, reserved 1048576K
Event: 220,171 GC heap after
Heap after GC invocations=28 (full 12):
 PSYoungGen      total 26112K, used 96K [0x00000000eb800000, 0x00000000ed600000, 0x0000000100000000)
  eden space 21504K, 0% used [0x00000000eb800000,0x00000000eb800000,0x00000000ecd00000)
  from space 4608K, 2% used [0x00000000ed180000,0x00000000ed198000,0x00000000ed600000)
  to   space 4608K, 0% used [0x00000000ecd00000,0x00000000ecd00000,0x00000000ed180000)
 ParOldGen       total 31744K, used 8742K [0x00000000c2800000, 0x00000000c4700000, 0x00000000eb800000)
  object space 31744K, 27% used [0x00000000c2800000,0x00000000c3089b30,0x00000000c4700000)
 Metaspace       used 39219K, capacity 39556K, committed 39848K, reserved 1085440K
  class space    used 3532K, capacity 3632K, committed 3752K, reserved 1048576K
}
Event: 220,171 GC heap before
{Heap before GC invocations=29 (full 13):
 PSYoungGen      total 26112K, used 96K [0x00000000eb800000, 0x00000000ed600000, 0x0000000100000000)
  eden space 21504K, 0% used [0x00000000eb800000,0x00000000eb800000,0x00000000ecd00000)
  from space 4608K, 2% used [0x00000000ed180000,0x00000000ed198000,0x00000000ed600000)
  to   space 4608K, 0% used [0x00000000ecd00000,0x00000000ecd00000,0x00000000ed180000)
 ParOldGen       total 31744K, used 8742K [0x00000000c2800000, 0x00000000c4700000, 0x00000000eb800000)
  object space 31744K, 27% used [0x00000000c2800000,0x00000000c3089b30,0x00000000c4700000)
 Metaspace       used 39219K, capacity 39556K, committed 39848K, reserved 1085440K
  class space    used 3532K, capacity 3632K, committed 3752K, reserved 1048576K
Event: 220,215 GC heap after
Heap after GC invocations=29 (full 13):
 PSYoungGen      total 26112K, used 0K [0x00000000eb800000, 0x00000000ed600000, 0x0000000100000000)
  eden space 21504K, 0% used [0x00000000eb800000,0x00000000eb800000,0x00000000ecd00000)
  from space 4608K, 0% used [0x00000000ed180000,0x00000000ed180000,0x00000000ed600000)
  to   space 4608K, 0% used [0x00000000ecd00000,0x00000000ecd00000,0x00000000ed180000)
 ParOldGen       total 33792K, used 8661K [0x00000000c2800000, 0x00000000c4900000, 0x00000000eb800000)
  object space 33792K, 25% used [0x00000000c2800000,0x00000000c3075680,0x00000000c4900000)
 Metaspace       used 39219K, capacity 39556K, committed 39848K, reserved 1085440K
  class space    used 3532K, capacity 3632K, committed 3752K, reserved 1048576K
}

